<?xml version="1.0" encoding="UTF-8"?>
<!-- Generated by org.testng.reporters.JUnitReportReporter -->
<testsuite hostname="DESKTOP-IPA6QNG" failures="0" tests="3" name="com.groupexecution.test1" time="0.022" errors="0" timestamp="2023-08-09T11:40:46 IST" skipped="0">
  <testcase classname="com.groupexecution.test1" name="demo2" time="0.003"/>
  <system-out>
    <![CDATA[test1-demo2-functional]]>
  </system-out>
  <testcase classname="com.groupexecution.test1" name="demo1" time="0.018"/>
  <system-out>
    <![CDATA[test1-demo1-smoke]]>
  </system-out>
  <testcase classname="com.groupexecution.test1" name="demo3" time="0.001"/>
  <system-out>
    <![CDATA[test1-demo3-smoke and functional]]>
  </system-out>
</testsuite> <!-- com.groupexecution.test1 -->
