<?xml version="1.0" encoding="UTF-8"?>
<!-- Generated by org.testng.reporters.JUnitReportReporter -->
<testsuite hostname="DESKTOP-IPA6QNG" failures="0" tests="3" name="com.groupexecution.test3" time="0.007" errors="0" timestamp="2023-08-09T11:40:46 IST" skipped="0">
  <testcase classname="com.groupexecution.test3" name="demo3" time="0.003"/>
  <system-out>
    <![CDATA[test3-demo3-regression and smoke]]>
  </system-out>
  <testcase classname="com.groupexecution.test3" name="demo2" time="0.002"/>
  <system-out>
    <![CDATA[test3-demo2-smoke]]>
  </system-out>
  <testcase classname="com.groupexecution.test3" name="demo1" time="0.002"/>
  <system-out>
    <![CDATA[test3-demo1-regression]]>
  </system-out>
</testsuite> <!-- com.groupexecution.test3 -->
