<?xml version="1.0" encoding="UTF-8"?>
<!-- Generated by org.testng.reporters.JUnitReportReporter -->
<testsuite hostname="DESKTOP-IPA6QNG" failures="0" tests="2" name="com.annotations.testclass" time="0.008" errors="0" timestamp="2023-08-03T12:07:39 IST" skipped="0">
  <testcase classname="com.annotations.testclass" name="testconfig1" time="0.006"/>
  <system-out/>
  <testcase classname="com.annotations.testclass" name="test1" time="0.002"/>
  <system-out/>
</testsuite> <!-- com.annotations.testclass -->
