<?xml version="1.0" encoding="UTF-8"?>
<!-- Generated by org.testng.reporters.JUnitReportReporter -->
<testsuite hostname="DESKTOP-IPA6QNG" failures="0" tests="3" name="com.testng.disabletest" time="0.017" errors="0" timestamp="2023-08-02T11:35:36 IST" skipped="1">
  <testcase classname="com.testng.disabletest" name="test3" time="0.002"/>
  <system-out>
    <![CDATA[test3]]>
  </system-out>
  <testcase classname="com.testng.disabletest" name="test2" time="0.015"/>
  <system-out>
    <![CDATA[test2]]>
  </system-out>
  <testcase classname="com.testng.disabletest" name="test1">
    <skipped/>
  </testcase> <!-- test1 -->
  <system-out/>
</testsuite> <!-- com.testng.disabletest -->
