<?xml version="1.0" encoding="UTF-8"?>
<!-- Generated by org.testng.reporters.JUnitReportReporter -->
<testsuite hostname="DESKTOP-IPA6QNG" failures="0" tests="2" name="com.batchexecution.test5" time="0.003" errors="0" timestamp="2023-08-04T11:02:25 IST" skipped="0">
  <testcase classname="com.batchexecution.test5" name="demo2" time="0.002"/>
  <system-out>
    <![CDATA[test5-demo2]]>
  </system-out>
  <testcase classname="com.batchexecution.test5" name="demo1" time="0.001"/>
  <system-out>
    <![CDATA[test5-demo1]]>
  </system-out>
</testsuite> <!-- com.batchexecution.test5 -->
