<?xml version="1.0" encoding="UTF-8"?>
<!-- Generated by org.testng.reporters.JUnitReportReporter -->
<testsuite hostname="DESKTOP-IPA6QNG" failures="0" tests="1" name="com.groupexecution.test4" time="0.003" errors="0" timestamp="2023-08-09T11:40:46 IST" skipped="0">
  <testcase classname="com.groupexecution.test4" name="demo1" time="0.003"/>
  <system-out>
    <![CDATA[test4-demo1-regression and smoke and functional]]>
  </system-out>
</testsuite> <!-- com.groupexecution.test4 -->
