<?xml version="1.0" encoding="UTF-8"?>
<!-- Generated by org.testng.reporters.JUnitReportReporter -->
<testsuite hostname="DESKTOP-IPA6QNG" failures="0" tests="3" name="com.groupexecution.test2" time="0.009" errors="0" timestamp="2023-08-09T11:40:46 IST" skipped="0">
  <testcase classname="com.groupexecution.test2" name="demo3" time="0.003"/>
  <system-out>
    <![CDATA[test2-demo3-regression and functional]]>
  </system-out>
  <testcase classname="com.groupexecution.test2" name="demo2" time="0.002"/>
  <system-out>
    <![CDATA[test2-demo2-functional]]>
  </system-out>
  <testcase classname="com.groupexecution.test2" name="demo1" time="0.004"/>
  <system-out>
    <![CDATA[test2-demo1-regression]]>
  </system-out>
</testsuite> <!-- com.groupexecution.test2 -->
